2024-04-30 12:18:55,707 [Worker-5: Loading available Gradle versions] INFO  o.e.b.c.i.u.g.PublishedGradleVersions - Gradle version information cache is up-to-date. Trying to read.
2024-05-01 09:20:37,356 [Worker-8: Loading available Gradle versions] INFO  o.e.b.c.i.u.g.PublishedGradleVersions - Gradle version information cache is up-to-date. Trying to read.
2024-05-01 15:07:01,611 [Worker-92: Computing Git status for repository CarConnectNew2] WARN  o.e.j.i.storage.file.PackDirectory - Pack file /Users/ankitsingh/Desktop/CarConnectNew2/.git/objects/pack/pack-a222a7e0751e95482a0a800ed1d6d0c89fdddb7e.pack was deleted, removing it from pack list
java.io.FileNotFoundException: /Users/ankitsingh/Desktop/CarConnectNew2/.git/objects/pack/pack-a222a7e0751e95482a0a800ed1d6d0c89fdddb7e.idx (No such file or directory)
	at java.base/java.io.FileInputStream.open0(Native Method)
	at java.base/java.io.FileInputStream.open(FileInputStream.java:216)
	at java.base/java.io.FileInputStream.<init>(FileInputStream.java:157)
	at org.eclipse.jgit.util.io.SilentFileInputStream.<init>(SilentFileInputStream.java:31)
	at org.eclipse.jgit.internal.storage.file.PackIndex.open(PackIndex.java:65)
	at org.eclipse.jgit.internal.storage.file.Pack.idx(Pack.java:178)
	at org.eclipse.jgit.internal.storage.file.Pack.get(Pack.java:289)
	at org.eclipse.jgit.internal.storage.file.PackDirectory.open(PackDirectory.java:228)
	at org.eclipse.jgit.internal.storage.file.ObjectDirectory.openPackedObject(ObjectDirectory.java:412)
	at org.eclipse.jgit.internal.storage.file.ObjectDirectory.openPackedFromSelfOrAlternate(ObjectDirectory.java:375)
	at org.eclipse.jgit.internal.storage.file.ObjectDirectory.openObjectWithoutRestoring(ObjectDirectory.java:365)
	at org.eclipse.jgit.internal.storage.file.ObjectDirectory.openObject(ObjectDirectory.java:350)
	at org.eclipse.jgit.internal.storage.file.WindowCursor.open(WindowCursor.java:133)
	at org.eclipse.jgit.treewalk.CanonicalTreeParser.reset(CanonicalTreeParser.java:191)
	at org.eclipse.jgit.treewalk.CanonicalTreeParser.createSubtreeIterator0(CanonicalTreeParser.java:225)
	at org.eclipse.jgit.treewalk.CanonicalTreeParser.createSubtreeIterator(CanonicalTreeParser.java:203)
	at org.eclipse.jgit.treewalk.CanonicalTreeParser.createSubtreeIterator(CanonicalTreeParser.java:1)
	at org.eclipse.jgit.treewalk.TreeWalk.enterSubtree(TreeWalk.java:1371)
	at org.eclipse.jgit.treewalk.TreeWalk.next(TreeWalk.java:925)
	at org.eclipse.jgit.lib.IndexDiff.diff(IndexDiff.java:493)
	at org.eclipse.egit.core.internal.indexdiff.IndexDiffCacheEntry.lambda$8(IndexDiffCacheEntry.java:634)
	at org.eclipse.egit.core.UnitOfWork.run(UnitOfWork.java:115)
	at org.eclipse.egit.core.internal.indexdiff.IndexDiffCacheEntry.calcIndexDiffDataFull(IndexDiffCacheEntry.java:627)
	at org.eclipse.egit.core.internal.indexdiff.IndexDiffCacheEntry$2.reload(IndexDiffCacheEntry.java:398)
	at org.eclipse.egit.core.internal.indexdiff.IndexDiffCacheEntry$IndexDiffReloadJob.run(IndexDiffCacheEntry.java:775)
	at org.eclipse.core.internal.jobs.Worker.run(Worker.java:63)
2024-05-01 15:07:01,685 [Worker-92: Computing Git status for repository CarConnectNew2] WARN  o.e.j.i.storage.file.PackDirectory - Pack file /Users/ankitsingh/Desktop/CarConnectNew2/.git/objects/pack/pack-781f247c3bdd223a6bedf15ed3d3dd24ff41e7bd.pack was deleted, removing it from pack list
java.io.FileNotFoundException: /Users/ankitsingh/Desktop/CarConnectNew2/.git/objects/pack/pack-781f247c3bdd223a6bedf15ed3d3dd24ff41e7bd.idx (No such file or directory)
	at java.base/java.io.FileInputStream.open0(Native Method)
	at java.base/java.io.FileInputStream.open(FileInputStream.java:216)
	at java.base/java.io.FileInputStream.<init>(FileInputStream.java:157)
	at org.eclipse.jgit.util.io.SilentFileInputStream.<init>(SilentFileInputStream.java:31)
	at org.eclipse.jgit.internal.storage.file.PackIndex.open(PackIndex.java:65)
	at org.eclipse.jgit.internal.storage.file.Pack.idx(Pack.java:178)
	at org.eclipse.jgit.internal.storage.file.Pack.get(Pack.java:289)
	at org.eclipse.jgit.internal.storage.file.PackDirectory.open(PackDirectory.java:228)
	at org.eclipse.jgit.internal.storage.file.ObjectDirectory.openPackedObject(ObjectDirectory.java:412)
	at org.eclipse.jgit.internal.storage.file.ObjectDirectory.openPackedFromSelfOrAlternate(ObjectDirectory.java:375)
	at org.eclipse.jgit.internal.storage.file.ObjectDirectory.openObjectWithoutRestoring(ObjectDirectory.java:365)
	at org.eclipse.jgit.internal.storage.file.ObjectDirectory.openObject(ObjectDirectory.java:350)
	at org.eclipse.jgit.internal.storage.file.WindowCursor.open(WindowCursor.java:133)
	at org.eclipse.jgit.treewalk.CanonicalTreeParser.reset(CanonicalTreeParser.java:191)
	at org.eclipse.jgit.treewalk.CanonicalTreeParser.createSubtreeIterator0(CanonicalTreeParser.java:225)
	at org.eclipse.jgit.treewalk.CanonicalTreeParser.createSubtreeIterator(CanonicalTreeParser.java:203)
	at org.eclipse.jgit.treewalk.CanonicalTreeParser.createSubtreeIterator(CanonicalTreeParser.java:1)
	at org.eclipse.jgit.treewalk.TreeWalk.enterSubtree(TreeWalk.java:1371)
	at org.eclipse.jgit.treewalk.TreeWalk.next(TreeWalk.java:925)
	at org.eclipse.jgit.lib.IndexDiff.diff(IndexDiff.java:493)
	at org.eclipse.egit.core.internal.indexdiff.IndexDiffCacheEntry.lambda$8(IndexDiffCacheEntry.java:634)
	at org.eclipse.egit.core.UnitOfWork.run(UnitOfWork.java:115)
	at org.eclipse.egit.core.internal.indexdiff.IndexDiffCacheEntry.calcIndexDiffDataFull(IndexDiffCacheEntry.java:627)
	at org.eclipse.egit.core.internal.indexdiff.IndexDiffCacheEntry$2.reload(IndexDiffCacheEntry.java:398)
	at org.eclipse.egit.core.internal.indexdiff.IndexDiffCacheEntry$IndexDiffReloadJob.run(IndexDiffCacheEntry.java:775)
	at org.eclipse.core.internal.jobs.Worker.run(Worker.java:63)
2024-05-01 15:07:01,687 [Worker-92: Computing Git status for repository CarConnectNew2] WARN  o.e.j.i.storage.file.PackDirectory - Pack file /Users/ankitsingh/Desktop/CarConnectNew2/.git/objects/pack/pack-b7c16c8b61f72758fdf8ed682b9450433ef988f5.pack was deleted, removing it from pack list
java.io.FileNotFoundException: /Users/ankitsingh/Desktop/CarConnectNew2/.git/objects/pack/pack-b7c16c8b61f72758fdf8ed682b9450433ef988f5.idx (No such file or directory)
	at java.base/java.io.FileInputStream.open0(Native Method)
	at java.base/java.io.FileInputStream.open(FileInputStream.java:216)
	at java.base/java.io.FileInputStream.<init>(FileInputStream.java:157)
	at org.eclipse.jgit.util.io.SilentFileInputStream.<init>(SilentFileInputStream.java:31)
	at org.eclipse.jgit.internal.storage.file.PackIndex.open(PackIndex.java:65)
	at org.eclipse.jgit.internal.storage.file.Pack.idx(Pack.java:178)
	at org.eclipse.jgit.internal.storage.file.Pack.get(Pack.java:289)
	at org.eclipse.jgit.internal.storage.file.PackDirectory.open(PackDirectory.java:228)
	at org.eclipse.jgit.internal.storage.file.ObjectDirectory.openPackedObject(ObjectDirectory.java:412)
	at org.eclipse.jgit.internal.storage.file.ObjectDirectory.openPackedFromSelfOrAlternate(ObjectDirectory.java:375)
	at org.eclipse.jgit.internal.storage.file.ObjectDirectory.openObjectWithoutRestoring(ObjectDirectory.java:365)
	at org.eclipse.jgit.internal.storage.file.ObjectDirectory.openObject(ObjectDirectory.java:350)
	at org.eclipse.jgit.internal.storage.file.WindowCursor.open(WindowCursor.java:133)
	at org.eclipse.jgit.treewalk.CanonicalTreeParser.reset(CanonicalTreeParser.java:191)
	at org.eclipse.jgit.treewalk.CanonicalTreeParser.createSubtreeIterator0(CanonicalTreeParser.java:225)
	at org.eclipse.jgit.treewalk.CanonicalTreeParser.createSubtreeIterator(CanonicalTreeParser.java:203)
	at org.eclipse.jgit.treewalk.CanonicalTreeParser.createSubtreeIterator(CanonicalTreeParser.java:1)
	at org.eclipse.jgit.treewalk.TreeWalk.enterSubtree(TreeWalk.java:1371)
	at org.eclipse.jgit.treewalk.TreeWalk.next(TreeWalk.java:925)
	at org.eclipse.jgit.lib.IndexDiff.diff(IndexDiff.java:493)
	at org.eclipse.egit.core.internal.indexdiff.IndexDiffCacheEntry.lambda$8(IndexDiffCacheEntry.java:634)
	at org.eclipse.egit.core.UnitOfWork.run(UnitOfWork.java:115)
	at org.eclipse.egit.core.internal.indexdiff.IndexDiffCacheEntry.calcIndexDiffDataFull(IndexDiffCacheEntry.java:627)
	at org.eclipse.egit.core.internal.indexdiff.IndexDiffCacheEntry$2.reload(IndexDiffCacheEntry.java:398)
	at org.eclipse.egit.core.internal.indexdiff.IndexDiffCacheEntry$IndexDiffReloadJob.run(IndexDiffCacheEntry.java:775)
	at org.eclipse.core.internal.jobs.Worker.run(Worker.java:63)
2024-05-01 15:07:01,690 [Worker-92: Computing Git status for repository CarConnectNew2] WARN  o.e.j.i.storage.file.PackDirectory - Pack file /Users/ankitsingh/Desktop/CarConnectNew2/.git/objects/pack/pack-38bc2260bbc78232e0e4d07bae3863e905a80974.pack was deleted, removing it from pack list
java.io.FileNotFoundException: /Users/ankitsingh/Desktop/CarConnectNew2/.git/objects/pack/pack-38bc2260bbc78232e0e4d07bae3863e905a80974.idx (No such file or directory)
	at java.base/java.io.FileInputStream.open0(Native Method)
	at java.base/java.io.FileInputStream.open(FileInputStream.java:216)
	at java.base/java.io.FileInputStream.<init>(FileInputStream.java:157)
	at org.eclipse.jgit.util.io.SilentFileInputStream.<init>(SilentFileInputStream.java:31)
	at org.eclipse.jgit.internal.storage.file.PackIndex.open(PackIndex.java:65)
	at org.eclipse.jgit.internal.storage.file.Pack.idx(Pack.java:178)
	at org.eclipse.jgit.internal.storage.file.Pack.get(Pack.java:289)
	at org.eclipse.jgit.internal.storage.file.PackDirectory.open(PackDirectory.java:228)
	at org.eclipse.jgit.internal.storage.file.ObjectDirectory.openPackedObject(ObjectDirectory.java:412)
	at org.eclipse.jgit.internal.storage.file.ObjectDirectory.openPackedFromSelfOrAlternate(ObjectDirectory.java:375)
	at org.eclipse.jgit.internal.storage.file.ObjectDirectory.openObjectWithoutRestoring(ObjectDirectory.java:365)
	at org.eclipse.jgit.internal.storage.file.ObjectDirectory.openObject(ObjectDirectory.java:350)
	at org.eclipse.jgit.internal.storage.file.WindowCursor.open(WindowCursor.java:133)
	at org.eclipse.jgit.treewalk.CanonicalTreeParser.reset(CanonicalTreeParser.java:191)
	at org.eclipse.jgit.treewalk.CanonicalTreeParser.createSubtreeIterator0(CanonicalTreeParser.java:225)
	at org.eclipse.jgit.treewalk.CanonicalTreeParser.createSubtreeIterator(CanonicalTreeParser.java:203)
	at org.eclipse.jgit.treewalk.CanonicalTreeParser.createSubtreeIterator(CanonicalTreeParser.java:1)
	at org.eclipse.jgit.treewalk.TreeWalk.enterSubtree(TreeWalk.java:1371)
	at org.eclipse.jgit.treewalk.TreeWalk.next(TreeWalk.java:925)
	at org.eclipse.jgit.lib.IndexDiff.diff(IndexDiff.java:493)
	at org.eclipse.egit.core.internal.indexdiff.IndexDiffCacheEntry.lambda$8(IndexDiffCacheEntry.java:634)
	at org.eclipse.egit.core.UnitOfWork.run(UnitOfWork.java:115)
	at org.eclipse.egit.core.internal.indexdiff.IndexDiffCacheEntry.calcIndexDiffDataFull(IndexDiffCacheEntry.java:627)
	at org.eclipse.egit.core.internal.indexdiff.IndexDiffCacheEntry$2.reload(IndexDiffCacheEntry.java:398)
	at org.eclipse.egit.core.internal.indexdiff.IndexDiffCacheEntry$IndexDiffReloadJob.run(IndexDiffCacheEntry.java:775)
	at org.eclipse.core.internal.jobs.Worker.run(Worker.java:63)
2024-05-01 15:07:01,691 [Worker-92: Computing Git status for repository CarConnectNew2] WARN  o.e.j.i.storage.file.PackDirectory - Pack file /Users/ankitsingh/Desktop/CarConnectNew2/.git/objects/pack/pack-e669666617cfc2e058971e8a3081edd6f5b94706.pack was deleted, removing it from pack list
java.io.FileNotFoundException: /Users/ankitsingh/Desktop/CarConnectNew2/.git/objects/pack/pack-e669666617cfc2e058971e8a3081edd6f5b94706.idx (No such file or directory)
	at java.base/java.io.FileInputStream.open0(Native Method)
	at java.base/java.io.FileInputStream.open(FileInputStream.java:216)
	at java.base/java.io.FileInputStream.<init>(FileInputStream.java:157)
	at org.eclipse.jgit.util.io.SilentFileInputStream.<init>(SilentFileInputStream.java:31)
	at org.eclipse.jgit.internal.storage.file.PackIndex.open(PackIndex.java:65)
	at org.eclipse.jgit.internal.storage.file.Pack.idx(Pack.java:178)
	at org.eclipse.jgit.internal.storage.file.Pack.get(Pack.java:289)
	at org.eclipse.jgit.internal.storage.file.PackDirectory.open(PackDirectory.java:228)
	at org.eclipse.jgit.internal.storage.file.ObjectDirectory.openPackedObject(ObjectDirectory.java:412)
	at org.eclipse.jgit.internal.storage.file.ObjectDirectory.openPackedFromSelfOrAlternate(ObjectDirectory.java:375)
	at org.eclipse.jgit.internal.storage.file.ObjectDirectory.openObjectWithoutRestoring(ObjectDirectory.java:365)
	at org.eclipse.jgit.internal.storage.file.ObjectDirectory.openObject(ObjectDirectory.java:350)
	at org.eclipse.jgit.internal.storage.file.WindowCursor.open(WindowCursor.java:133)
	at org.eclipse.jgit.treewalk.CanonicalTreeParser.reset(CanonicalTreeParser.java:191)
	at org.eclipse.jgit.treewalk.CanonicalTreeParser.createSubtreeIterator0(CanonicalTreeParser.java:225)
	at org.eclipse.jgit.treewalk.CanonicalTreeParser.createSubtreeIterator(CanonicalTreeParser.java:203)
	at org.eclipse.jgit.treewalk.CanonicalTreeParser.createSubtreeIterator(CanonicalTreeParser.java:1)
	at org.eclipse.jgit.treewalk.TreeWalk.enterSubtree(TreeWalk.java:1371)
	at org.eclipse.jgit.treewalk.TreeWalk.next(TreeWalk.java:925)
	at org.eclipse.jgit.lib.IndexDiff.diff(IndexDiff.java:493)
	at org.eclipse.egit.core.internal.indexdiff.IndexDiffCacheEntry.lambda$8(IndexDiffCacheEntry.java:634)
	at org.eclipse.egit.core.UnitOfWork.run(UnitOfWork.java:115)
	at org.eclipse.egit.core.internal.indexdiff.IndexDiffCacheEntry.calcIndexDiffDataFull(IndexDiffCacheEntry.java:627)
	at org.eclipse.egit.core.internal.indexdiff.IndexDiffCacheEntry$2.reload(IndexDiffCacheEntry.java:398)
	at org.eclipse.egit.core.internal.indexdiff.IndexDiffCacheEntry$IndexDiffReloadJob.run(IndexDiffCacheEntry.java:775)
	at org.eclipse.core.internal.jobs.Worker.run(Worker.java:63)
2024-05-01 15:07:01,692 [Worker-92: Computing Git status for repository CarConnectNew2] WARN  o.e.j.i.storage.file.PackDirectory - Pack file /Users/ankitsingh/Desktop/CarConnectNew2/.git/objects/pack/pack-7fe0b25d3bb62a87331c053051214140f3213e00.pack was deleted, removing it from pack list
java.io.FileNotFoundException: /Users/ankitsingh/Desktop/CarConnectNew2/.git/objects/pack/pack-7fe0b25d3bb62a87331c053051214140f3213e00.idx (No such file or directory)
	at java.base/java.io.FileInputStream.open0(Native Method)
	at java.base/java.io.FileInputStream.open(FileInputStream.java:216)
	at java.base/java.io.FileInputStream.<init>(FileInputStream.java:157)
	at org.eclipse.jgit.util.io.SilentFileInputStream.<init>(SilentFileInputStream.java:31)
	at org.eclipse.jgit.internal.storage.file.PackIndex.open(PackIndex.java:65)
	at org.eclipse.jgit.internal.storage.file.Pack.idx(Pack.java:178)
	at org.eclipse.jgit.internal.storage.file.Pack.get(Pack.java:289)
	at org.eclipse.jgit.internal.storage.file.PackDirectory.open(PackDirectory.java:228)
	at org.eclipse.jgit.internal.storage.file.ObjectDirectory.openPackedObject(ObjectDirectory.java:412)
	at org.eclipse.jgit.internal.storage.file.ObjectDirectory.openPackedFromSelfOrAlternate(ObjectDirectory.java:375)
	at org.eclipse.jgit.internal.storage.file.ObjectDirectory.openObjectWithoutRestoring(ObjectDirectory.java:365)
	at org.eclipse.jgit.internal.storage.file.ObjectDirectory.openObject(ObjectDirectory.java:350)
	at org.eclipse.jgit.internal.storage.file.WindowCursor.open(WindowCursor.java:133)
	at org.eclipse.jgit.treewalk.CanonicalTreeParser.reset(CanonicalTreeParser.java:191)
	at org.eclipse.jgit.treewalk.CanonicalTreeParser.createSubtreeIterator0(CanonicalTreeParser.java:225)
	at org.eclipse.jgit.treewalk.CanonicalTreeParser.createSubtreeIterator(CanonicalTreeParser.java:203)
	at org.eclipse.jgit.treewalk.CanonicalTreeParser.createSubtreeIterator(CanonicalTreeParser.java:1)
	at org.eclipse.jgit.treewalk.TreeWalk.enterSubtree(TreeWalk.java:1371)
	at org.eclipse.jgit.treewalk.TreeWalk.next(TreeWalk.java:925)
	at org.eclipse.jgit.lib.IndexDiff.diff(IndexDiff.java:493)
	at org.eclipse.egit.core.internal.indexdiff.IndexDiffCacheEntry.lambda$8(IndexDiffCacheEntry.java:634)
	at org.eclipse.egit.core.UnitOfWork.run(UnitOfWork.java:115)
	at org.eclipse.egit.core.internal.indexdiff.IndexDiffCacheEntry.calcIndexDiffDataFull(IndexDiffCacheEntry.java:627)
	at org.eclipse.egit.core.internal.indexdiff.IndexDiffCacheEntry$2.reload(IndexDiffCacheEntry.java:398)
	at org.eclipse.egit.core.internal.indexdiff.IndexDiffCacheEntry$IndexDiffReloadJob.run(IndexDiffCacheEntry.java:775)
	at org.eclipse.core.internal.jobs.Worker.run(Worker.java:63)
2024-05-01 22:08:52,384 [Worker-8: Loading available Gradle versions] INFO  o.e.b.c.i.u.g.PublishedGradleVersions - Gradle version information cache is out-of-date. Trying to update.
2024-05-02 08:54:16,223 [Worker-11: Loading available Gradle versions] INFO  o.e.b.c.i.u.g.PublishedGradleVersions - Gradle version information cache is up-to-date. Trying to read.
2024-05-02 14:39:34,861 [Worker-7: Loading available Gradle versions] INFO  o.e.b.c.i.u.g.PublishedGradleVersions - Gradle version information cache is up-to-date. Trying to read.
2024-05-02 21:50:25,229 [Worker-10: Loading available Gradle versions] INFO  o.e.b.c.i.u.g.PublishedGradleVersions - Gradle version information cache is up-to-date. Trying to read.
2024-05-07 15:42:06,292 [Worker-7: Loading available Gradle versions] INFO  o.e.b.c.i.u.g.PublishedGradleVersions - Gradle version information cache is out-of-date. Trying to update.
2024-05-29 18:43:56,258 [Worker-9: Loading available Gradle versions] INFO  o.e.b.c.i.u.g.PublishedGradleVersions - Gradle version information cache is out-of-date. Trying to update.
